
Showing logs for build [32mcb-kubecd-environment-pr-202-1-rs7kl-1[0m stage [32mfrom-build-pack[0m and container [32mstep-credential-initializer-ln5fz[0m
{"level":"info","ts":1587005131.7450578,"logger":"fallback-logger","caller":"logging/config.go:69","msg":"Fetch GitHub commit ID from kodata failed: open /var/run/ko/refs/heads/0.8.0-ns-support: no such file or directory"}
{"level":"info","ts":1587005131.745713,"logger":"fallback-logger","caller":"creds-init/main.go:40","msg":"Credentials initialized."}

Showing logs for build [32mcb-kubecd-environment-pr-202-1-rs7kl-1[0m stage [32mfrom-build-pack[0m and container [32mstep-working-dir-initializer-7bw5t[0m
{"level":"info","ts":1587005132.7611501,"logger":"fallback-logger","caller":"logging/config.go:69","msg":"Fetch GitHub commit ID from kodata failed: open /var/run/ko/HEAD: no such file or directory"}
{"level":"info","ts":1587005132.7627618,"logger":"fallback-logger","caller":"bash/main.go:64","msg":"Successfully executed command \"sh -c mkdir -p /workspace/source\"; output "}

Showing logs for build [32mcb-kubecd-environment-pr-202-1-rs7kl-1[0m stage [32mfrom-build-pack[0m and container [32mstep-place-tools[0m

Showing logs for build [32mcb-kubecd-environment-pr-202-1-rs7kl-1[0m stage [32mfrom-build-pack[0m and container [32mstep-git-source-cb-kubecd-environment-pr-202-1-rs7kl-gnnv5[0m
{"level":"info","ts":1587005135.799652,"logger":"fallback-logger","caller":"logging/config.go:69","msg":"Fetch GitHub commit ID from kodata failed: open /var/run/ko/refs/heads/0.8.0-ns-support: no such file or directory"}
{"level":"info","ts":1587005136.8647652,"logger":"fallback-logger","caller":"git/git.go:103","msg":"Successfully cloned https://github.com/cb-kubecd/environment-pr-202-1-boot-gke-production.git @ master in path /workspace/source"}

Showing logs for build [32mcb-kubecd-environment-pr-202-1-rs7kl-1[0m stage [32mfrom-build-pack[0m and container [32mstep-git-merge[0m
Using SHAs from PULL_REFS=master:c7baaad26edadb8c0a1bf4f58ff2af125ee31c7e,1:99b76f9be44cd21bf57d9fc2090ba85e99e736d6
DEBUG: LC_ALL=C JX_LOG_LEVEL=error git fetch origin --unshallow 99b76f9be44cd21bf57d9fc2090ba85e99e736d6: c7baaad26edadb8c0a1bf4f58ff2af125ee31c7e:
DEBUG: ran git fetch --unshallow origin 99b76f9be44cd21bf57d9fc2090ba85e99e736d6: c7baaad26edadb8c0a1bf4f58ff2af125ee31c7e: in 
DEBUG: LC_ALL=C JX_LOG_LEVEL=error git branch
DEBUG: LC_ALL=C JX_LOG_LEVEL=error git checkout master
DEBUG: ran git checkout master in 
DEBUG: LC_ALL=C JX_LOG_LEVEL=error git reset --hard c7baaad26edadb8c0a1bf4f58ff2af125ee31c7e
DEBUG: ran git reset --hard c7baaad26edadb8c0a1bf4f58ff2af125ee31c7e in 
DEBUG: LC_ALL=C JX_LOG_LEVEL=error git clean -fd .
DEBUG: ran clean --force -d . in 
DEBUG: LC_ALL=C JX_LOG_LEVEL=error git merge 99b76f9be44cd21bf57d9fc2090ba85e99e736d6
DEBUG: ran git merge 99b76f9be44cd21bf57d9fc2090ba85e99e736d6 in 
DEBUG: LC_ALL=C JX_LOG_LEVEL=error git log --format=%H%x1f%an%x1f%ae%x1f%cn%x1f%ce%x1f%s%n%b%x1e c7baaad26edadb8c0a1bf4f58ff2af125ee31c7e..HEAD
Merged SHA 99b76f9be44cd21bf57d9fc2090ba85e99e736d6 with commit message 'chore: Promote bdd-spring-1587004197 to version 0.0.1' into base branch master

Showing logs for build [32mcb-kubecd-environment-pr-202-1-rs7kl-1[0m stage [32mfrom-build-pack[0m and container [32mstep-build-helm-build[0m
WARNING: No $CHART_REPOSITORY defined so using the default value of: http://jenkins-x-chartmuseum:8080
Adding missing Helm repo: storage.googleapis.com https://storage.googleapis.com/chartmuseum.jenkins-x.io
WARNING: No secrets found on "helm/repos" due: reading the secret "helm/repos" from vault: no secret "helm/repos" not found in vault
Read credentials for https://storage.googleapis.com/chartmuseum.jenkins-x.io from vault helm/repos
Successfully added Helm repository storage.googleapis.com.
Adding missing Helm repo: jenkins-x-chartmuseum http://jenkins-x-chartmuseum:8080
WARNING: No secrets found on "helm/repos" due: reading the secret "helm/repos" from vault: no secret "helm/repos" not found in vault
Read credentials for http://jenkins-x-chartmuseum:8080 from vault helm/repos
Successfully added Helm repository jenkins-x-chartmuseum.
WARNING: No $CHART_REPOSITORY defined so using the default value of: http://jenkins-x-chartmuseum:8080
Adding missing Helm repo: chartmuseum.jenkins-x.io http://chartmuseum.jenkins-x.io
WARNING: No secrets found on "helm/repos" due: reading the secret "helm/repos" from vault: no secret "helm/repos" not found in vault
Read credentials for http://chartmuseum.jenkins-x.io from vault helm/repos
Successfully added Helm repository chartmuseum.jenkins-x.io.
